<?xml version="1.0" encoding="UTF-8"?>
<testsuite name="Tests" tests="1" skipped="0" failures="0" errors="0" timestamp="2022-05-20T18:37:04" hostname="LAPTOP-9KT2AN7H" time="0.102">
  <properties/>
  <testcase name="test1" classname="Tests" time="0.102"/>
  <system-out><![CDATA[ 
4  4  0  0   
2  4  2  2   
4  0  2  4   
0  0  0  2  
 
4  4  0  0   
2  4  2  2   
4  0  2  4   
0  0  0  2  ]]></system-out>
  <system-err><![CDATA[]]></system-err>
</testsuite>
